<?xml version="1.0" encoding="UTF-8"?>
<testsuite xmlns:xsi="http://www.w3.org/2001/XMLSchema-instance" xsi:noNamespaceSchemaLocation="https://maven.apache.org/surefire/maven-surefire-plugin/xsd/surefire-test-report-3.0.xsd" version="3.0" name="logger.runners.RunCucumberTest" time="0.769" tests="6" errors="2" skipped="0" failures="0">
  <properties>
[...]
</properties>
  <testcase name="Message is succesfully saved in database" classname="Database validation logic" time="0.081">
    <error message="The step &apos;a log message arrives we should expect it to be validated and ready for insertion in to database.&apos; and 2 other step(s) are undefined.&#10;You can implement these steps using the snippet(s) below:&#10;&#10;@When(&quot;a log message arrives we should expect it to be validated and ready for insertion in to database.&quot;)&#10;public void a_log_message_arrives_we_should_expect_it_to_be_validated_and_ready_for_insertion_in_to_database() {&#10;    // Write code here that turns the phrase above into concrete actions&#10;    throw new io.cucumber.java.PendingException();&#10;}&#10;@Then(&quot;log message should be sent in to matching rows either timestamp, message or type.&quot;)&#10;public void log_message_should_be_sent_in_to_matching_rows_either_timestamp_message_or_type() {&#10;    // Write code here that turns the phrase above into concrete actions&#10;    throw new io.cucumber.java.PendingException();&#10;}&#10;@Then(&quot;user should get a confirmation message&quot;)&#10;public void user_should_get_a_confirmation_message() {&#10;    // Write code here that turns the phrase above into concrete actions&#10;    throw new io.cucumber.java.PendingException();&#10;}&#10;" type="io.cucumber.junit.UndefinedStepException"><![CDATA[io.cucumber.junit.UndefinedStepException: 
The step 'a log message arrives we should expect it to be validated and ready for insertion in to database.' and 2 other step(s) are undefined.
You can implement these steps using the snippet(s) below:

@When("a log message arrives we should expect it to be validated and ready for insertion in to database.")
public void a_log_message_arrives_we_should_expect_it_to_be_validated_and_ready_for_insertion_in_to_database() {
    // Write code here that turns the phrase above into concrete actions
    throw new io.cucumber.java.PendingException();
}
@Then("log message should be sent in to matching rows either timestamp, message or type.")
public void log_message_should_be_sent_in_to_matching_rows_either_timestamp_message_or_type() {
    // Write code here that turns the phrase above into concrete actions
    throw new io.cucumber.java.PendingException();
}
@Then("user should get a confirmation message")
public void user_should_get_a_confirmation_message() {
    // Write code here that turns the phrase above into concrete actions
    throw new io.cucumber.java.PendingException();
}

]]></error>
    <system-out><![CDATA[
Scenario Outline: Message is succesfully saved in database                                               &amp#27;[90m# src/test/resources/features/LogRepository.feature:6&amp#27;[0m
  &amp#27;[33mWhen &amp#27;[0m&amp#27;[33ma log message arrives we should expect it to be validated and ready for insertion in to database.&amp#27;[0m
  &amp#27;[36mThen &amp#27;[0m&amp#27;[36mlog message should be sent in to matching rows either timestamp, message or type.&amp#27;[0m
  &amp#27;[36mAnd &amp#27;[0m&amp#27;[36muser should get a confirmation message&amp#27;[0m
]]></system-out>
  </testcase>
  <testcase name="Message is correctly disregarded if database shuts down" classname="Database validation logic" time="0.001">
    <error message="The step &apos;a&apos; is undefined.&#10;You can implement this step using the snippet(s) below:&#10;&#10;@When(&quot;a&quot;)&#10;public void a() {&#10;    // Write code here that turns the phrase above into concrete actions&#10;    throw new io.cucumber.java.PendingException();&#10;}&#10;" type="io.cucumber.junit.UndefinedStepException"><![CDATA[io.cucumber.junit.UndefinedStepException: 
The step 'a' is undefined.
You can implement this step using the snippet(s) below:

@When("a")
public void a() {
    // Write code here that turns the phrase above into concrete actions
    throw new io.cucumber.java.PendingException();
}

]]></error>
    <system-out><![CDATA[
Scenario Outline: Message is correctly disregarded if database shuts down &amp#27;[90m# src/test/resources/features/LogRepository.feature:11&amp#27;[0m
  &amp#27;[33mWhen &amp#27;[0m&amp#27;[33ma&amp#27;[0m
]]></system-out>
  </testcase>
  <testcase name="Successful validation #1" classname="Log Validation logic" time="0.205">
    <system-out><![CDATA[
Scenario Outline: Successful validation                                                                   &amp#27;[90m# src/test/resources/features/LogValidation.feature:13&amp#27;[0m
  &amp#27;[32mGiven &amp#27;[0m&amp#27;[32mlog message is received by log validation&amp#27;[0m                                                         &amp#27;[90m# logger.steps.LogValidationSteps.log_message_is_received_by_log_validation()&amp#27;[0m
  &amp#27;[32mWhen &amp#27;[0m&amp#27;[32ma log message is created with time &amp#27;[0m&amp#27;[32m&amp#27;[1m"2026-02-11T11:00:00"&amp#27;[0m&amp#27;[32m, message &amp#27;[0m&amp#27;[32m&amp#27;[1m"System start"&amp#27;[0m&amp#27;[32m, and level &amp#27;[0m&amp#27;[32m&amp#27;[1m"INFO"&amp#27;[0m &amp#27;[90m# logger.steps.LogValidationSteps.log_message_is_correctly_formatted(java.lang.String,java.lang.String,java.lang.String)&amp#27;[0m
  &amp#27;[32mThen &amp#27;[0m&amp#27;[32mthe log message should be accepted&amp#27;[0m                                                                 &amp#27;[90m# logger.steps.LogValidationSteps.verify_acceptance()&amp#27;[0m
  &amp#27;[32mAnd &amp#27;[0m&amp#27;[32mthe user should get a confirmation message&amp#27;[0m                                                          &amp#27;[90m# logger.steps.LogValidationSteps.verify_acceptance_confirmation()&amp#27;[0m
]]></system-out>
    <system-err><![CDATA[feb. 11, 2026 1:25:07 EM org.hibernate.validator.internal.util.Version <clinit>
INFO: HV000001: Hibernate Validator 9.1.0.Final
]]></system-err>
  </testcase>
  <testcase name="Successful validation #2" classname="Log Validation logic" time="0.009">
    <system-out><![CDATA[
Scenario Outline: Successful validation                                                                      &amp#27;[90m# src/test/resources/features/LogValidation.feature:14&amp#27;[0m
  &amp#27;[32mGiven &amp#27;[0m&amp#27;[32mlog message is received by log validation&amp#27;[0m                                                            &amp#27;[90m# logger.steps.LogValidationSteps.log_message_is_received_by_log_validation()&amp#27;[0m
  &amp#27;[32mWhen &amp#27;[0m&amp#27;[32ma log message is created with time &amp#27;[0m&amp#27;[32m&amp#27;[1m"2026-02-11T11:00:00"&amp#27;[0m&amp#27;[32m, message &amp#27;[0m&amp#27;[32m&amp#27;[1m"System start"&amp#27;[0m&amp#27;[32m, and level &amp#27;[0m&amp#27;[32m&amp#27;[1m"WARNING"&amp#27;[0m &amp#27;[90m# logger.steps.LogValidationSteps.log_message_is_correctly_formatted(java.lang.String,java.lang.String,java.lang.String)&amp#27;[0m
  &amp#27;[32mThen &amp#27;[0m&amp#27;[32mthe log message should be accepted&amp#27;[0m                                                                    &amp#27;[90m# logger.steps.LogValidationSteps.verify_acceptance()&amp#27;[0m
  &amp#27;[32mAnd &amp#27;[0m&amp#27;[32mthe user should get a confirmation message&amp#27;[0m                                                             &amp#27;[90m# logger.steps.LogValidationSteps.verify_acceptance_confirmation()&amp#27;[0m
]]></system-out>
  </testcase>
  <testcase name="Failed validation due to missing data #1" classname="Log Validation logic" time="0.014">
    <system-out><![CDATA[
Scenario Outline: Failed validation due to missing data                                 &amp#27;[90m# src/test/resources/features/LogValidation.feature:23&amp#27;[0m
  &amp#27;[32mGiven &amp#27;[0m&amp#27;[32mlog message is received by log validation&amp#27;[0m                                       &amp#27;[90m# logger.steps.LogValidationSteps.log_message_is_received_by_log_validation()&amp#27;[0m
  &amp#27;[32mWhen &amp#27;[0m&amp#27;[32ma log message is created with time &amp#27;[0m&amp#27;[32m&amp#27;[1m""&amp#27;[0m&amp#27;[32m, message &amp#27;[0m&amp#27;[32m&amp#27;[1m"System start"&amp#27;[0m&amp#27;[32m, and level &amp#27;[0m&amp#27;[32m&amp#27;[1m"DEBUG"&amp#27;[0m &amp#27;[90m# logger.steps.LogValidationSteps.log_message_is_correctly_formatted(java.lang.String,java.lang.String,java.lang.String)&amp#27;[0m
  &amp#27;[32mThen &amp#27;[0m&amp#27;[32mthe log message should be rejected due to missing data&amp#27;[0m                           &amp#27;[90m# logger.steps.LogValidationSteps.deny_acceptance()&amp#27;[0m
  &amp#27;[32mAnd &amp#27;[0m&amp#27;[32mthe user should get a rejection message describing the error&amp#27;[0m                      &amp#27;[90m# logger.steps.LogValidationSteps.send_rejection_confirmation()&amp#27;[0m
]]></system-out>
  </testcase>
  <testcase name="Failed validation due to missing data #2" classname="Log Validation logic" time="0.011">
    <system-out><![CDATA[
Scenario Outline: Failed validation due to missing data                               &amp#27;[90m# src/test/resources/features/LogValidation.feature:24&amp#27;[0m
  &amp#27;[32mGiven &amp#27;[0m&amp#27;[32mlog message is received by log validation&amp#27;[0m                                     &amp#27;[90m# logger.steps.LogValidationSteps.log_message_is_received_by_log_validation()&amp#27;[0m
  &amp#27;[32mWhen &amp#27;[0m&amp#27;[32ma log message is created with time &amp#27;[0m&amp#27;[32m&amp#27;[1m"2026-02-11"&amp#27;[0m&amp#27;[32m, message &amp#27;[0m&amp#27;[32m&amp#27;[1m""&amp#27;[0m&amp#27;[32m, and level &amp#27;[0m&amp#27;[32m&amp#27;[1m"ERROR"&amp#27;[0m &amp#27;[90m# logger.steps.LogValidationSteps.log_message_is_correctly_formatted(java.lang.String,java.lang.String,java.lang.String)&amp#27;[0m
  &amp#27;[32mThen &amp#27;[0m&amp#27;[32mthe log message should be rejected due to missing data&amp#27;[0m                         &amp#27;[90m# logger.steps.LogValidationSteps.deny_acceptance()&amp#27;[0m
  &amp#27;[32mAnd &amp#27;[0m&amp#27;[32mthe user should get a rejection message describing the error&amp#27;[0m                    &amp#27;[90m# logger.steps.LogValidationSteps.send_rejection_confirmation()&amp#27;[0m
]]></system-out>
  </testcase>
</testsuite>