<?xml version="1.0" encoding="UTF-8"?>
<testsuite xmlns:xsi="http://www.w3.org/2001/XMLSchema-instance" xsi:noNamespaceSchemaLocation="https://maven.apache.org/surefire/maven-surefire-plugin/xsd/surefire-test-report-3.0.xsd" version="3.0" name="logger.runners.RunCucumberTest" time="0.756" tests="6" errors="0" skipped="0" failures="0">
  <properties>
[...]
</properties>
  <testcase name="Message is succesfully saved in database" classname="Database validation logic" time="0.08">
    <system-out><![CDATA[
Scenario: Message is succesfully saved in database                    &amp#27;[90m# src/test/resources/features/LogRepository.feature:6&amp#27;[0m
No suitable driver found for jdbc:sqlite:my.db
  &amp#27;[32mGiven &amp#27;[0m&amp#27;[32mthe database is operational&amp#27;[0m                                   &amp#27;[90m# logger.steps.LogRepositorySteps.databaseIsOperational()&amp#27;[0m
  &amp#27;[32mAnd &amp#27;[0m&amp#27;[32ma validated log message &amp#27;[0m&amp#27;[32m&amp#27;[1m"System start"&amp#27;[0m&amp#27;[32m with level &amp#27;[0m&amp#27;[32m&amp#27;[1m"INFO"&amp#27;[0m&amp#27;[32m exists&amp#27;[0m &amp#27;[90m# logger.steps.LogRepositorySteps.validatedMessageExists(java.lang.String,java.lang.String)&amp#27;[0m
Test-mode: Simulating saving to database.
  &amp#27;[32mWhen &amp#27;[0m&amp#27;[32mthe log message is sent to the repository&amp#27;[0m                      &amp#27;[90m# logger.steps.LogRepositorySteps.messageToRepository()&amp#27;[0m
  &amp#27;[32mThen &amp#27;[0m&amp#27;[32ma new row should exist in the logs table&amp#27;[0m                       &amp#27;[90m# logger.steps.LogRepositorySteps.validateCreateNewRow()&amp#27;[0m
  &amp#27;[32mAnd &amp#27;[0m&amp#27;[32mthe saved message should match &amp#27;[0m&amp#27;[32m&amp#27;[1m"System start"&amp#27;[0m                   &amp#27;[90m# logger.steps.LogRepositorySteps.verifySavedMessages(java.lang.String)&amp#27;[0m
>>> Cleaning done. DatabaseUrl is reverted.
]]></system-out>
    <system-err><![CDATA[Clear error: No suitable driver found for jdbc:sqlite:my.db
]]></system-err>
  </testcase>
  <testcase name="Message is disregarded if database is not operational" classname="Database validation logic" time="0.004">
    <system-out><![CDATA[
Scenario: Message is disregarded if database is not operational           &amp#27;[90m# src/test/resources/features/LogRepository.feature:13&amp#27;[0m
No suitable driver found for jdbc:sqlite:my.db
  &amp#27;[32mGiven &amp#27;[0m&amp#27;[32ma validated log message &amp#27;[0m&amp#27;[32m&amp#27;[1m"Error test"&amp#27;[0m&amp#27;[32m with level &amp#27;[0m&amp#27;[32m&amp#27;[1m"ERROR"&amp#27;[0m&amp#27;[32m exists&amp#27;[0m    &amp#27;[90m# logger.steps.LogRepositorySteps.validatedMessageExists(java.lang.String,java.lang.String)&amp#27;[0m
  &amp#27;[32mAnd &amp#27;[0m&amp#27;[32mthe database is not operational&amp#27;[0m                                     &amp#27;[90m# logger.steps.LogRepositorySteps.notOperationalDatabase()&amp#27;[0m
  &amp#27;[32mWhen &amp#27;[0m&amp#27;[32ma log message arrives we should expect it to not be saved&amp#27;[0m          &amp#27;[90m# logger.steps.LogRepositorySteps.attemptToSave()&amp#27;[0m
  &amp#27;[32mThen &amp#27;[0m&amp#27;[32mthe log message should be denied&amp#27;[0m                                   &amp#27;[90m# logger.steps.LogRepositorySteps.verifyNothingSaved()&amp#27;[0m
  &amp#27;[32mAnd &amp#27;[0m&amp#27;[32muser should get message describing that database is not operational&amp#27;[0m &amp#27;[90m# logger.steps.LogRepositorySteps.verifyErrorMessage()&amp#27;[0m
>>> Cleaning done. DatabaseUrl is reverted.
]]></system-out>
    <system-err><![CDATA[Clear error: No suitable driver found for jdbc:sqlite:my.db
Database error: No suitable driver found for jdbc:sqlite:my.db
No suitable driver found for jdbc:sqlite:my.db
]]></system-err>
  </testcase>
  <testcase name="Successful validation #1" classname="Log Validation logic" time="0.18">
    <system-out><![CDATA[
Scenario Outline: Successful validation                                                                   &amp#27;[90m# src/test/resources/features/LogValidation.feature:13&amp#27;[0m
No suitable driver found for jdbc:sqlite:my.db
  &amp#27;[32mGiven &amp#27;[0m&amp#27;[32mlog message is received by log validation&amp#27;[0m                                                         &amp#27;[90m# logger.steps.LogValidationSteps.log_message_is_received_by_log_validation()&amp#27;[0m
  &amp#27;[32mWhen &amp#27;[0m&amp#27;[32ma log message is created with time &amp#27;[0m&amp#27;[32m&amp#27;[1m"2026-02-11T11:00:00"&amp#27;[0m&amp#27;[32m, message &amp#27;[0m&amp#27;[32m&amp#27;[1m"System start"&amp#27;[0m&amp#27;[32m, and level &amp#27;[0m&amp#27;[32m&amp#27;[1m"INFO"&amp#27;[0m &amp#27;[90m# logger.steps.LogValidationSteps.log_message_is_correctly_formatted(java.lang.String,java.lang.String,java.lang.String)&amp#27;[0m
  &amp#27;[32mThen &amp#27;[0m&amp#27;[32mthe log message should be accepted&amp#27;[0m                                                                 &amp#27;[90m# logger.steps.LogValidationSteps.verify_acceptance()&amp#27;[0m
  &amp#27;[32mAnd &amp#27;[0m&amp#27;[32mthe user should get a confirmation message&amp#27;[0m                                                          &amp#27;[90m# logger.steps.LogValidationSteps.verify_acceptance_confirmation()&amp#27;[0m
>>> Cleaning done. DatabaseUrl is reverted.
]]></system-out>
    <system-err><![CDATA[Clear error: No suitable driver found for jdbc:sqlite:my.db
feb. 15, 2026 11:41:29 FM org.hibernate.validator.internal.util.Version <clinit>
INFO: HV000001: Hibernate Validator 9.1.0.Final
]]></system-err>
  </testcase>
  <testcase name="Successful validation #2" classname="Log Validation logic" time="0.014">
    <system-out><![CDATA[
Scenario Outline: Successful validation                                                                      &amp#27;[90m# src/test/resources/features/LogValidation.feature:14&amp#27;[0m
No suitable driver found for jdbc:sqlite:my.db
  &amp#27;[32mGiven &amp#27;[0m&amp#27;[32mlog message is received by log validation&amp#27;[0m                                                            &amp#27;[90m# logger.steps.LogValidationSteps.log_message_is_received_by_log_validation()&amp#27;[0m
  &amp#27;[32mWhen &amp#27;[0m&amp#27;[32ma log message is created with time &amp#27;[0m&amp#27;[32m&amp#27;[1m"2026-02-11T11:00:00"&amp#27;[0m&amp#27;[32m, message &amp#27;[0m&amp#27;[32m&amp#27;[1m"System start"&amp#27;[0m&amp#27;[32m, and level &amp#27;[0m&amp#27;[32m&amp#27;[1m"WARNING"&amp#27;[0m &amp#27;[90m# logger.steps.LogValidationSteps.log_message_is_correctly_formatted(java.lang.String,java.lang.String,java.lang.String)&amp#27;[0m
  &amp#27;[32mThen &amp#27;[0m&amp#27;[32mthe log message should be accepted&amp#27;[0m                                                                    &amp#27;[90m# logger.steps.LogValidationSteps.verify_acceptance()&amp#27;[0m
  &amp#27;[32mAnd &amp#27;[0m&amp#27;[32mthe user should get a confirmation message&amp#27;[0m                                                             &amp#27;[90m# logger.steps.LogValidationSteps.verify_acceptance_confirmation()&amp#27;[0m
>>> Cleaning done. DatabaseUrl is reverted.
]]></system-out>
    <system-err><![CDATA[Clear error: No suitable driver found for jdbc:sqlite:my.db
]]></system-err>
  </testcase>
  <testcase name="Failed validation due to missing data #1" classname="Log Validation logic" time="0.016">
    <system-out><![CDATA[
Scenario Outline: Failed validation due to missing data                                 &amp#27;[90m# src/test/resources/features/LogValidation.feature:23&amp#27;[0m
No suitable driver found for jdbc:sqlite:my.db
  &amp#27;[32mGiven &amp#27;[0m&amp#27;[32mlog message is received by log validation&amp#27;[0m                                       &amp#27;[90m# logger.steps.LogValidationSteps.log_message_is_received_by_log_validation()&amp#27;[0m
  &amp#27;[32mWhen &amp#27;[0m&amp#27;[32ma log message is created with time &amp#27;[0m&amp#27;[32m&amp#27;[1m""&amp#27;[0m&amp#27;[32m, message &amp#27;[0m&amp#27;[32m&amp#27;[1m"System start"&amp#27;[0m&amp#27;[32m, and level &amp#27;[0m&amp#27;[32m&amp#27;[1m"DEBUG"&amp#27;[0m &amp#27;[90m# logger.steps.LogValidationSteps.log_message_is_correctly_formatted(java.lang.String,java.lang.String,java.lang.String)&amp#27;[0m
  &amp#27;[32mThen &amp#27;[0m&amp#27;[32mthe log message should be rejected due to missing data&amp#27;[0m                           &amp#27;[90m# logger.steps.LogValidationSteps.deny_acceptance()&amp#27;[0m
  &amp#27;[32mAnd &amp#27;[0m&amp#27;[32mthe user should get a rejection message describing the error&amp#27;[0m                      &amp#27;[90m# logger.steps.LogValidationSteps.send_rejection_confirmation()&amp#27;[0m
>>> Cleaning done. DatabaseUrl is reverted.
]]></system-out>
    <system-err><![CDATA[Clear error: No suitable driver found for jdbc:sqlite:my.db
]]></system-err>
  </testcase>
  <testcase name="Failed validation due to missing data #2" classname="Log Validation logic" time="0.01">
    <system-out><![CDATA[
Scenario Outline: Failed validation due to missing data                               &amp#27;[90m# src/test/resources/features/LogValidation.feature:24&amp#27;[0m
No suitable driver found for jdbc:sqlite:my.db
  &amp#27;[32mGiven &amp#27;[0m&amp#27;[32mlog message is received by log validation&amp#27;[0m                                     &amp#27;[90m# logger.steps.LogValidationSteps.log_message_is_received_by_log_validation()&amp#27;[0m
  &amp#27;[32mWhen &amp#27;[0m&amp#27;[32ma log message is created with time &amp#27;[0m&amp#27;[32m&amp#27;[1m"2026-02-11"&amp#27;[0m&amp#27;[32m, message &amp#27;[0m&amp#27;[32m&amp#27;[1m""&amp#27;[0m&amp#27;[32m, and level &amp#27;[0m&amp#27;[32m&amp#27;[1m"ERROR"&amp#27;[0m &amp#27;[90m# logger.steps.LogValidationSteps.log_message_is_correctly_formatted(java.lang.String,java.lang.String,java.lang.String)&amp#27;[0m
  &amp#27;[32mThen &amp#27;[0m&amp#27;[32mthe log message should be rejected due to missing data&amp#27;[0m                         &amp#27;[90m# logger.steps.LogValidationSteps.deny_acceptance()&amp#27;[0m
  &amp#27;[32mAnd &amp#27;[0m&amp#27;[32mthe user should get a rejection message describing the error&amp#27;[0m                    &amp#27;[90m# logger.steps.LogValidationSteps.send_rejection_confirmation()&amp#27;[0m
>>> Cleaning done. DatabaseUrl is reverted.
]]></system-out>
    <system-err><![CDATA[Clear error: No suitable driver found for jdbc:sqlite:my.db
]]></system-err>
  </testcase>
</testsuite>